# JRE version: OpenJDK Runtime Environment Temurin-21.0.9+10 (21.0.9+10) (build 21.0.9+10-LTS)
# Java VM: OpenJDK 64-Bit Server VM Temurin-21.0.9+10 (21.0.9+10-LTS, mixed mode, sharing, tiered, compressed oops, compressed class ptrs, parallel gc, windows-amd64)
GC Precious Log:
 CardTable entry size: 512
 CPUs: 16 total, 16 available
 Memory: 16163M
 Large Page Support: Disabled
 NUMA Support: Disabled
 Compressed Oops: Enabled (32-bit)
 Alignments: Space 512K, Generation 512K, Heap 2M
 Heap Min Capacity: 100M
 Heap Initial Capacity: 100M
 Heap Max Capacity: 2G
 Pre-touch: Disabled
 Parallel Workers: 13
Heap:
 PSYoungGen      total 3584K, used 1775K [0x00000000d5580000, 0x00000000d5f00000, 0x0000000100000000)
  eden space 3072K, 43% used [0x00000000d5580000,0x00000000d56cbdf8,0x00000000d5880000)
  from space 512K, 87% used [0x00000000d5e80000,0x00000000d5ef0000,0x00000000d5f00000)
  to   space 512K, 0% used [0x00000000d5e00000,0x00000000d5e00000,0x00000000d5e80000)
 ParOldGen       total 554496K, used 554414K [0x0000000080000000, 0x00000000a1d80000, 0x00000000d5580000)
  object space 554496K, 99% used [0x0000000080000000,0x00000000a1d6b918,0x00000000a1d80000)
 Metaspace       used 109668K, committed 112384K, reserved 1179648K
  class space    used 10564K, committed 11776K, reserved 1048576K
GC Heap History (20 events):
Event: 83870.290 GC heap before
{Heap before GC invocations=23098 (full 32):
 PSYoungGen      total 15872K, used 15640K [0x00000000d5580000, 0x00000000d6f00000, 0x0000000100000000)
  eden space 8192K, 100% used [0x00000000d5580000,0x00000000d5d80000,0x00000000d5d80000)
  from space 7680K, 96% used [0x00000000d6780000,0x00000000d6ec6000,0x00000000d6f00000)
  to   space 8192K, 0% used [0x00000000d5f00000,0x00000000d5f00000,0x00000000d6700000)
 ParOldGen       total 496640K, used 496389K [0x0000000080000000, 0x000000009e500000, 0x00000000d5580000)
  object space 496640K, 99% used [0x0000000080000000,0x000000009e4c1428,0x000000009e500000)
 Metaspace       used 109658K, committed 112320K, reserved 1179648K
  class space    used 10564K, committed 11776K, reserved 1048576K
}
Event: 83870.296 GC heap after
{Heap after GC invocations=23098 (full 32):
 PSYoungGen      total 15872K, used 7291K [0x00000000d5580000, 0x00000000d6c80000, 0x0000000100000000)
  eden space 8192K, 0% used [0x00000000d5580000,0x00000000d5580000,0x00000000d5d80000)
  from space 7680K, 94% used [0x00000000d5f00000,0x00000000d661ec60,0x00000000d6680000)
  to   space 6144K, 0% used [0x00000000d6680000,0x00000000d6680000,0x00000000d6c80000)
 ParOldGen       total 503296K, used 503213K [0x0000000080000000, 0x000000009eb80000, 0x00000000d5580000)
  object space 503296K, 99% used [0x0000000080000000,0x000000009eb6b428,0x000000009eb80000)
 Metaspace       used 109658K, committed 112320K, reserved 1179648K
  class space    used 10564K, committed 11776K, reserved 1048576K
}
Event: 83870.310 GC heap before
{Heap before GC invocations=23099 (full 32):
 PSYoungGen      total 15872K, used 15400K [0x00000000d5580000, 0x00000000d6c80000, 0x0000000100000000)
  eden space 8192K, 98% used [0x00000000d5580000,0x00000000d5d6b418,0x00000000d5d80000)
  from space 7680K, 94% used [0x00000000d5f00000,0x00000000d661ec60,0x00000000d6680000)
  to   space 6144K, 0% used [0x00000000d6680000,0x00000000d6680000,0x00000000d6c80000)
 ParOldGen       total 503296K, used 503213K [0x0000000080000000, 0x000000009eb80000, 0x00000000d5580000)
  object space 503296K, 99% used [0x0000000080000000,0x000000009eb6b428,0x000000009eb80000)
 Metaspace       used 109658K, committed 112320K, reserved 1179648K
  class space    used 10564K, committed 11776K, reserved 1048576K
}
Event: 83870.316 GC heap after
{Heap after GC invocations=23099 (full 32):
 PSYoungGen      total 8192K, used 6121K [0x00000000d5580000, 0x00000000d7b80000, 0x0000000100000000)
  eden space 2048K, 0% used [0x00000000d5580000,0x00000000d5580000,0x00000000d5780000)
  from space 6144K, 99% used [0x00000000d6680000,0x00000000d6c7a710,0x00000000d6c80000)
  to   space 15360K, 0% used [0x00000000d5780000,0x00000000d5780000,0x00000000d6680000)
 ParOldGen       total 511488K, used 511197K [0x0000000080000000, 0x000000009f380000, 0x00000000d5580000)
  object space 511488K, 99% used [0x0000000080000000,0x000000009f3376b8,0x000000009f380000)
 Metaspace       used 109658K, committed 112320K, reserved 1179648K
  class space    used 10564K, committed 11776K, reserved 1048576K
}
Event: 83870.320 GC heap before
{Heap before GC invocations=23100 (full 32):
 PSYoungGen      total 8192K, used 8156K [0x00000000d5580000, 0x00000000d7b80000, 0x0000000100000000)
  eden space 2048K, 99% used [0x00000000d5580000,0x00000000d577c968,0x00000000d5780000)
  from space 6144K, 99% used [0x00000000d6680000,0x00000000d6c7a710,0x00000000d6c80000)
  to   space 15360K, 0% used [0x00000000d5780000,0x00000000d5780000,0x00000000d6680000)
 ParOldGen       total 511488K, used 511197K [0x0000000080000000, 0x000000009f380000, 0x00000000d5580000)
  object space 511488K, 99% used [0x0000000080000000,0x000000009f3376b8,0x000000009f380000)
 Metaspace       used 109658K, committed 112320K, reserved 1179648K
  class space    used 10564K, committed 11776K, reserved 1048576K
}
Event: 83870.323 GC heap after
{Heap after GC invocations=23100 (full 32):
 PSYoungGen      total 4608K, used 2171K [0x00000000d5580000, 0x00000000d6700000, 0x0000000100000000)
  eden space 2048K, 0% used [0x00000000d5580000,0x00000000d5580000,0x00000000d5780000)
  from space 2560K, 84% used [0x00000000d5780000,0x00000000d599ef68,0x00000000d5a00000)
  to   space 6656K, 0% used [0x00000000d6080000,0x00000000d6080000,0x00000000d6700000)
 ParOldGen       total 517632K, used 517383K [0x0000000080000000, 0x000000009f980000, 0x00000000d5580000)
  object space 517632K, 99% used [0x0000000080000000,0x000000009f941eb8,0x000000009f980000)
 Metaspace       used 109658K, committed 112320K, reserved 1179648K
  class space    used 10564K, committed 11776K, reserved 1048576K
}
Event: 83870.330 GC heap before
{Heap before GC invocations=23101 (full 32):
 PSYoungGen      total 4608K, used 4219K [0x00000000d5580000, 0x00000000d6700000, 0x0000000100000000)
  eden space 2048K, 100% used [0x00000000d5580000,0x00000000d5780000,0x00000000d5780000)
  from space 2560K, 84% used [0x00000000d5780000,0x00000000d599ef68,0x00000000d5a00000)
  to   space 6656K, 0% used [0x00000000d6080000,0x00000000d6080000,0x00000000d6700000)
 ParOldGen       total 517632K, used 517383K [0x0000000080000000, 0x000000009f980000, 0x00000000d5580000)
  object space 517632K, 99% used [0x0000000080000000,0x000000009f941eb8,0x000000009f980000)
 Metaspace       used 109658K, committed 112320K, reserved 1179648K
  class space    used 10564K, committed 11776K, reserved 1048576K
}
Event: 83870.333 GC heap after
{Heap after GC invocations=23101 (full 32):
 PSYoungGen      total 5120K, used 2287K [0x00000000d5580000, 0x00000000d6300000, 0x0000000100000000)
  eden space 2560K, 0% used [0x00000000d5580000,0x00000000d5580000,0x00000000d5800000)
  from space 2560K, 89% used [0x00000000d6080000,0x00000000d62bbd88,0x00000000d6300000)
  to   space 3072K, 0% used [0x00000000d5d00000,0x00000000d5d00000,0x00000000d6000000)
 ParOldGen       total 519680K, used 519384K [0x0000000080000000, 0x000000009fb80000, 0x00000000d5580000)
  object space 519680K, 99% used [0x0000000080000000,0x000000009fb36098,0x000000009fb80000)
 Metaspace       used 109658K, committed 112320K, reserved 1179648K
  class space    used 10564K, committed 11776K, reserved 1048576K
}
Event: 83870.339 GC heap before
{Heap before GC invocations=23102 (full 32):
 PSYoungGen      total 5120K, used 4834K [0x00000000d5580000, 0x00000000d6300000, 0x0000000100000000)
  eden space 2560K, 99% used [0x00000000d5580000,0x00000000d57fccb0,0x00000000d5800000)
  from space 2560K, 89% used [0x00000000d6080000,0x00000000d62bbd88,0x00000000d6300000)
  to   space 3072K, 0% used [0x00000000d5d00000,0x00000000d5d00000,0x00000000d6000000)
 ParOldGen       total 519680K, used 519384K [0x0000000080000000, 0x000000009fb80000, 0x00000000d5580000)
  object space 519680K, 99% used [0x0000000080000000,0x000000009fb36098,0x000000009fb80000)
 Metaspace       used 109658K, committed 112320K, reserved 1179648K
  class space    used 10564K, committed 11776K, reserved 1048576K
}
Event: 83870.341 GC heap after
{Heap after GC invocations=23102 (full 32):
 PSYoungGen      total 4608K, used 1120K [0x00000000d5580000, 0x00000000d6100000, 0x0000000100000000)
  eden space 3072K, 0% used [0x00000000d5580000,0x00000000d5580000,0x00000000d5880000)
  from space 1536K, 72% used [0x00000000d5d00000,0x00000000d5e18000,0x00000000d5e80000)
  to   space 2048K, 0% used [0x00000000d5f00000,0x00000000d5f00000,0x00000000d6100000)
 ParOldGen       total 521728K, used 521405K [0x0000000080000000, 0x000000009fd80000, 0x00000000d5580000)
  object space 521728K, 99% used [0x0000000080000000,0x000000009fd2f4a8,0x000000009fd80000)
 Metaspace       used 109658K, committed 112320K, reserved 1179648K
  class space    used 10564K, committed 11776K, reserved 1048576K
}
Event: 83870.406 GC heap before
{Heap before GC invocations=23103 (full 32):
 PSYoungGen      total 4608K, used 4192K [0x00000000d5580000, 0x00000000d6100000, 0x0000000100000000)
  eden space 3072K, 100% used [0x00000000d5580000,0x00000000d5880000,0x00000000d5880000)
  from space 1536K, 72% used [0x00000000d5d00000,0x00000000d5e18000,0x00000000d5e80000)
  to   space 2048K, 0% used [0x00000000d5f00000,0x00000000d5f00000,0x00000000d6100000)
 ParOldGen       total 553472K, used 552125K [0x0000000080000000, 0x00000000a1c80000, 0x00000000d5580000)
  object space 553472K, 99% used [0x0000000080000000,0x00000000a1b2f4d8,0x00000000a1c80000)
 Metaspace       used 109658K, committed 112320K, reserved 1179648K
  class space    used 10564K, committed 11776K, reserved 1048576K
}
Event: 83870.408 GC heap after
{Heap after GC invocations=23103 (full 32):
 PSYoungGen      total 3584K, used 352K [0x00000000d5580000, 0x00000000d5f80000, 0x0000000100000000)
  eden space 3072K, 0% used [0x00000000d5580000,0x00000000d5580000,0x00000000d5880000)
  from space 512K, 68% used [0x00000000d5f00000,0x00000000d5f58000,0x00000000d5f80000)
  to   space 1024K, 0% used [0x00000000d5d80000,0x00000000d5d80000,0x00000000d5e80000)
 ParOldGen       total 553472K, used 553045K [0x0000000080000000, 0x00000000a1c80000, 0x00000000d5580000)
  object space 553472K, 99% used [0x0000000080000000,0x00000000a1c154d8,0x00000000a1c80000)
 Metaspace       used 109658K, committed 112320K, reserved 1179648K
  class space    used 10564K, committed 11776K, reserved 1048576K
}
Event: 83870.892 GC heap before
{Heap before GC invocations=23104 (full 32):
 PSYoungGen      total 3584K, used 3424K [0x00000000d5580000, 0x00000000d5f80000, 0x0000000100000000)
  eden space 3072K, 100% used [0x00000000d5580000,0x00000000d5880000,0x00000000d5880000)
  from space 512K, 68% used [0x00000000d5f00000,0x00000000d5f58000,0x00000000d5f80000)
  to   space 1024K, 0% used [0x00000000d5d80000,0x00000000d5d80000,0x00000000d5e80000)
 ParOldGen       total 553472K, used 553045K [0x0000000080000000, 0x00000000a1c80000, 0x00000000d5580000)
  object space 553472K, 99% used [0x0000000080000000,0x00000000a1c154d8,0x00000000a1c80000)
 Metaspace       used 109658K, committed 112320K, reserved 1179648K
  class space    used 10564K, committed 11776K, reserved 1048576K
}
Event: 83870.893 GC heap after
{Heap after GC invocations=23104 (full 32):
 PSYoungGen      total 4096K, used 570K [0x00000000d5580000, 0x00000000d5f80000, 0x0000000100000000)
  eden space 3072K, 0% used [0x00000000d5580000,0x00000000d5580000,0x00000000d5880000)
  from space 1024K, 55% used [0x00000000d5d80000,0x00000000d5e0e900,0x00000000d5e80000)
  to   space 1024K, 0% used [0x00000000d5e80000,0x00000000d5e80000,0x00000000d5f80000)
 ParOldGen       total 553472K, used 553189K [0x0000000080000000, 0x00000000a1c80000, 0x00000000d5580000)
  object space 553472K, 99% used [0x0000000080000000,0x00000000a1c394d8,0x00000000a1c80000)
 Metaspace       used 109658K, committed 112320K, reserved 1179648K
  class space    used 10564K, committed 11776K, reserved 1048576K
}
Event: 83870.898 GC heap before
{Heap before GC invocations=23105 (full 32):
 PSYoungGen      total 4096K, used 3642K [0x00000000d5580000, 0x00000000d5f80000, 0x0000000100000000)
  eden space 3072K, 100% used [0x00000000d5580000,0x00000000d5880000,0x00000000d5880000)
  from space 1024K, 55% used [0x00000000d5d80000,0x00000000d5e0e900,0x00000000d5e80000)
  to   space 1024K, 0% used [0x00000000d5e80000,0x00000000d5e80000,0x00000000d5f80000)
 ParOldGen       total 553472K, used 553189K [0x0000000080000000, 0x00000000a1c80000, 0x00000000d5580000)
  object space 553472K, 99% used [0x0000000080000000,0x00000000a1c394d8,0x00000000a1c80000)
 Metaspace       used 109658K, committed 112320K, reserved 1179648K
  class space    used 10564K, committed 11776K, reserved 1048576K
}
Event: 83870.899 GC heap after
{Heap after GC invocations=23105 (full 32):
 PSYoungGen      total 4096K, used 628K [0x00000000d5580000, 0x00000000d5f80000, 0x0000000100000000)
  eden space 3072K, 0% used [0x00000000d5580000,0x00000000d5580000,0x00000000d5880000)
  from space 1024K, 61% used [0x00000000d5e80000,0x00000000d5f1d200,0x00000000d5f80000)
  to   space 1024K, 0% used [0x00000000d5d80000,0x00000000d5d80000,0x00000000d5e80000)
 ParOldGen       total 553984K, used 553585K [0x0000000080000000, 0x00000000a1d00000, 0x00000000d5580000)
  object space 553984K, 99% used [0x0000000080000000,0x00000000a1c9c6e8,0x00000000a1d00000)
 Metaspace       used 109658K, committed 112320K, reserved 1179648K
  class space    used 10564K, committed 11776K, reserved 1048576K
}
Event: 83870.902 GC heap before
{Heap before GC invocations=23106 (full 32):
 PSYoungGen      total 4096K, used 3700K [0x00000000d5580000, 0x00000000d5f80000, 0x0000000100000000)
  eden space 3072K, 100% used [0x00000000d5580000,0x00000000d5880000,0x00000000d5880000)
  from space 1024K, 61% used [0x00000000d5e80000,0x00000000d5f1d200,0x00000000d5f80000)
  to   space 1024K, 0% used [0x00000000d5d80000,0x00000000d5d80000,0x00000000d5e80000)
 ParOldGen       total 553984K, used 553585K [0x0000000080000000, 0x00000000a1d00000, 0x00000000d5580000)
  object space 553984K, 99% used [0x0000000080000000,0x00000000a1c9c6e8,0x00000000a1d00000)
 Metaspace       used 109658K, committed 112320K, reserved 1179648K
  class space    used 10564K, committed 11776K, reserved 1048576K
}
Event: 83870.904 GC heap after
{Heap after GC invocations=23106 (full 32):
 PSYoungGen      total 4096K, used 544K [0x00000000d5580000, 0x00000000d5f00000, 0x0000000100000000)
  eden space 3072K, 0% used [0x00000000d5580000,0x00000000d5580000,0x00000000d5880000)
  from space 1024K, 53% used [0x00000000d5d80000,0x00000000d5e08000,0x00000000d5e80000)
  to   space 512K, 0% used [0x00000000d5e80000,0x00000000d5e80000,0x00000000d5f00000)
 ParOldGen       total 554496K, used 554038K [0x0000000080000000, 0x00000000a1d80000, 0x00000000d5580000)
  object space 554496K, 99% used [0x0000000080000000,0x00000000a1d0d908,0x00000000a1d80000)
 Metaspace       used 109658K, committed 112320K, reserved 1179648K
  class space    used 10564K, committed 11776K, reserved 1048576K
}
Event: 84168.383 GC heap before
{Heap before GC invocations=23107 (full 32):
 PSYoungGen      total 4096K, used 3616K [0x00000000d5580000, 0x00000000d5f00000, 0x0000000100000000)
  eden space 3072K, 100% used [0x00000000d5580000,0x00000000d5880000,0x00000000d5880000)
  from space 1024K, 53% used [0x00000000d5d80000,0x00000000d5e08000,0x00000000d5e80000)
  to   space 512K, 0% used [0x00000000d5e80000,0x00000000d5e80000,0x00000000d5f00000)
 ParOldGen       total 554496K, used 554038K [0x0000000080000000, 0x00000000a1d80000, 0x00000000d5580000)
  object space 554496K, 99% used [0x0000000080000000,0x00000000a1d0d908,0x00000000a1d80000)
 Metaspace       used 109668K, committed 112384K, reserved 1179648K
  class space    used 10564K, committed 11776K, reserved 1048576K
}
Event: 84168.444 GC heap after
{Heap after GC invocations=23107 (full 32):
 PSYoungGen      total 3584K, used 448K [0x00000000d5580000, 0x00000000d5f00000, 0x0000000100000000)
  eden space 3072K, 0% used [0x00000000d5580000,0x00000000d5580000,0x00000000d5880000)
  from space 512K, 87% used [0x00000000d5e80000,0x00000000d5ef0000,0x00000000d5f00000)
  to   space 512K, 0% used [0x00000000d5e00000,0x00000000d5e00000,0x00000000d5e80000)
 ParOldGen       total 554496K, used 554414K [0x0000000080000000, 0x00000000a1d80000, 0x00000000d5580000)
  object space 554496K, 99% used [0x0000000080000000,0x00000000a1d6b918,0x00000000a1d80000)
 Metaspace       used 109668K, committed 112384K, reserved 1179648K
  class space    used 10564K, committed 11776K, reserved 1048576K
}

