# JRE version: OpenJDK Runtime Environment Temurin-21.0.9+10 (21.0.9+10) (build 21.0.9+10-LTS)
# Java VM: OpenJDK 64-Bit Server VM Temurin-21.0.9+10 (21.0.9+10-LTS, mixed mode, sharing, tiered, compressed oops, compressed class ptrs, parallel gc, windows-amd64)
GC Precious Log:
 CardTable entry size: 512
 CPUs: 16 total, 16 available
 Memory: 16163M
 Large Page Support: Disabled
 NUMA Support: Disabled
 Compressed Oops: Enabled (32-bit)
 Alignments: Space 512K, Generation 512K, Heap 2M
 Heap Min Capacity: 100M
 Heap Initial Capacity: 100M
 Heap Max Capacity: 2G
 Pre-touch: Disabled
 Parallel Workers: 13
Heap:
 PSYoungGen      total 8192K, used 4437K [0x00000000d5580000, 0x00000000d5e80000, 0x0000000100000000)
  eden space 7168K, 61% used [0x00000000d5580000,0x00000000d59c5740,0x00000000d5c80000)
  from space 1024K, 6% used [0x00000000d5c80000,0x00000000d5c90000,0x00000000d5d80000)
  to   space 512K, 0% used [0x00000000d5e00000,0x00000000d5e00000,0x00000000d5e80000)
 ParOldGen       total 1307136K, used 1306727K [0x0000000080000000, 0x00000000cfc80000, 0x00000000d5580000)
  object space 1307136K, 99% used [0x0000000080000000,0x00000000cfc19d50,0x00000000cfc80000)
 Metaspace       used 110671K, committed 112576K, reserved 1179648K
  class space    used 10496K, committed 11456K, reserved 1048576K
GC Heap History (20 events):
Event: 207776.851 GC heap before
{Heap before GC invocations=82445 (full 160):
 PSYoungGen      total 6144K, used 5696K [0x00000000d5580000, 0x00000000d5e80000, 0x0000000100000000)
  eden space 3584K, 100% used [0x00000000d5580000,0x00000000d5900000,0x00000000d5900000)
  from space 2560K, 82% used [0x00000000d5900000,0x00000000d5b10000,0x00000000d5b80000)
  to   space 2560K, 0% used [0x00000000d5c00000,0x00000000d5c00000,0x00000000d5e80000)
 ParOldGen       total 1299456K, used 1298952K [0x0000000080000000, 0x00000000cf500000, 0x00000000d5580000)
  object space 1299456K, 99% used [0x0000000080000000,0x00000000cf4821c0,0x00000000cf500000)
 Metaspace       used 110669K, committed 112576K, reserved 1179648K
  class space    used 10496K, committed 11456K, reserved 1048576K
}
Event: 207776.854 GC heap after
{Heap after GC invocations=82445 (full 160):
 PSYoungGen      total 5632K, used 772K [0x00000000d5580000, 0x00000000d5d00000, 0x0000000100000000)
  eden space 4608K, 0% used [0x00000000d5580000,0x00000000d5580000,0x00000000d5a00000)
  from space 1024K, 75% used [0x00000000d5c00000,0x00000000d5cc1210,0x00000000d5d00000)
  to   space 1536K, 0% used [0x00000000d5a00000,0x00000000d5a00000,0x00000000d5b80000)
 ParOldGen       total 1300992K, used 1300948K [0x0000000080000000, 0x00000000cf680000, 0x00000000d5580000)
  object space 1300992K, 99% used [0x0000000080000000,0x00000000cf6752c0,0x00000000cf680000)
 Metaspace       used 110669K, committed 112576K, reserved 1179648K
  class space    used 10496K, committed 11456K, reserved 1048576K
}
Event: 207776.862 GC heap before
{Heap before GC invocations=82446 (full 160):
 PSYoungGen      total 5632K, used 5380K [0x00000000d5580000, 0x00000000d5d00000, 0x0000000100000000)
  eden space 4608K, 100% used [0x00000000d5580000,0x00000000d5a00000,0x00000000d5a00000)
  from space 1024K, 75% used [0x00000000d5c00000,0x00000000d5cc1210,0x00000000d5d00000)
  to   space 1536K, 0% used [0x00000000d5a00000,0x00000000d5a00000,0x00000000d5b80000)
 ParOldGen       total 1300992K, used 1300948K [0x0000000080000000, 0x00000000cf680000, 0x00000000d5580000)
  object space 1300992K, 99% used [0x0000000080000000,0x00000000cf6752c0,0x00000000cf680000)
 Metaspace       used 110669K, committed 112576K, reserved 1179648K
  class space    used 10496K, committed 11456K, reserved 1048576K
}
Event: 207776.866 GC heap after
{Heap after GC invocations=82446 (full 160):
 PSYoungGen      total 6144K, used 842K [0x00000000d5580000, 0x00000000d5d00000, 0x0000000100000000)
  eden space 4608K, 0% used [0x00000000d5580000,0x00000000d5580000,0x00000000d5a00000)
  from space 1536K, 54% used [0x00000000d5a00000,0x00000000d5ad2910,0x00000000d5b80000)
  to   space 1024K, 0% used [0x00000000d5c00000,0x00000000d5c00000,0x00000000d5d00000)
 ParOldGen       total 1301504K, used 1301497K [0x0000000080000000, 0x00000000cf700000, 0x00000000d5580000)
  object space 1301504K, 99% used [0x0000000080000000,0x00000000cf6fe4d0,0x00000000cf700000)
 Metaspace       used 110669K, committed 112576K, reserved 1179648K
  class space    used 10496K, committed 11456K, reserved 1048576K
}
Event: 207776.872 GC heap before
{Heap before GC invocations=82447 (full 160):
 PSYoungGen      total 6144K, used 5450K [0x00000000d5580000, 0x00000000d5d00000, 0x0000000100000000)
  eden space 4608K, 100% used [0x00000000d5580000,0x00000000d5a00000,0x00000000d5a00000)
  from space 1536K, 54% used [0x00000000d5a00000,0x00000000d5ad2910,0x00000000d5b80000)
  to   space 1024K, 0% used [0x00000000d5c00000,0x00000000d5c00000,0x00000000d5d00000)
 ParOldGen       total 1301504K, used 1301497K [0x0000000080000000, 0x00000000cf700000, 0x00000000d5580000)
  object space 1301504K, 99% used [0x0000000080000000,0x00000000cf6fe4d0,0x00000000cf700000)
 Metaspace       used 110669K, committed 112576K, reserved 1179648K
  class space    used 10496K, committed 11456K, reserved 1048576K
}
Event: 207776.876 GC heap after
{Heap after GC invocations=82447 (full 160):
 PSYoungGen      total 6656K, used 760K [0x00000000d5580000, 0x00000000d5d00000, 0x0000000100000000)
  eden space 5632K, 0% used [0x00000000d5580000,0x00000000d5580000,0x00000000d5b00000)
  from space 1024K, 74% used [0x00000000d5c00000,0x00000000d5cbe158,0x00000000d5d00000)
  to   space 1024K, 0% used [0x00000000d5b00000,0x00000000d5b00000,0x00000000d5c00000)
 ParOldGen       total 1302528K, used 1302133K [0x0000000080000000, 0x00000000cf800000, 0x00000000d5580000)
  object space 1302528K, 99% used [0x0000000080000000,0x00000000cf79d658,0x00000000cf800000)
 Metaspace       used 110669K, committed 112576K, reserved 1179648K
  class space    used 10496K, committed 11456K, reserved 1048576K
}
Event: 207776.892 GC heap before
{Heap before GC invocations=82448 (full 160):
 PSYoungGen      total 6656K, used 6392K [0x00000000d5580000, 0x00000000d5d00000, 0x0000000100000000)
  eden space 5632K, 100% used [0x00000000d5580000,0x00000000d5b00000,0x00000000d5b00000)
  from space 1024K, 74% used [0x00000000d5c00000,0x00000000d5cbe158,0x00000000d5d00000)
  to   space 1024K, 0% used [0x00000000d5b00000,0x00000000d5b00000,0x00000000d5c00000)
 ParOldGen       total 1302528K, used 1302133K [0x0000000080000000, 0x00000000cf800000, 0x00000000d5580000)
  object space 1302528K, 99% used [0x0000000080000000,0x00000000cf79d658,0x00000000cf800000)
 Metaspace       used 110669K, committed 112576K, reserved 1179648K
  class space    used 10496K, committed 11456K, reserved 1048576K
}
Event: 207776.897 GC heap after
{Heap after GC invocations=82448 (full 160):
 PSYoungGen      total 6656K, used 824K [0x00000000d5580000, 0x00000000d5e80000, 0x0000000100000000)
  eden space 5632K, 0% used [0x00000000d5580000,0x00000000d5580000,0x00000000d5b00000)
  from space 1024K, 80% used [0x00000000d5b00000,0x00000000d5bce158,0x00000000d5c00000)
  to   space 1024K, 0% used [0x00000000d5d80000,0x00000000d5d80000,0x00000000d5e80000)
 ParOldGen       total 1303040K, used 1302686K [0x0000000080000000, 0x00000000cf880000, 0x00000000d5580000)
  object space 1303040K, 99% used [0x0000000080000000,0x00000000cf827810,0x00000000cf880000)
 Metaspace       used 110669K, committed 112576K, reserved 1179648K
  class space    used 10496K, committed 11456K, reserved 1048576K
}
Event: 207777.186 GC heap before
{Heap before GC invocations=82449 (full 160):
 PSYoungGen      total 6656K, used 6456K [0x00000000d5580000, 0x00000000d5e80000, 0x0000000100000000)
  eden space 5632K, 100% used [0x00000000d5580000,0x00000000d5b00000,0x00000000d5b00000)
  from space 1024K, 80% used [0x00000000d5b00000,0x00000000d5bce158,0x00000000d5c00000)
  to   space 1024K, 0% used [0x00000000d5d80000,0x00000000d5d80000,0x00000000d5e80000)
 ParOldGen       total 1303040K, used 1302686K [0x0000000080000000, 0x00000000cf880000, 0x00000000d5580000)
  object space 1303040K, 99% used [0x0000000080000000,0x00000000cf827810,0x00000000cf880000)
 Metaspace       used 110669K, committed 112576K, reserved 1179648K
  class space    used 10496K, committed 11456K, reserved 1048576K
}
Event: 207777.191 GC heap after
{Heap after GC invocations=82449 (full 160):
 PSYoungGen      total 8192K, used 896K [0x00000000d5580000, 0x00000000d5e80000, 0x0000000100000000)
  eden space 7168K, 0% used [0x00000000d5580000,0x00000000d5580000,0x00000000d5c80000)
  from space 1024K, 87% used [0x00000000d5d80000,0x00000000d5e60000,0x00000000d5e80000)
  to   space 1024K, 0% used [0x00000000d5c80000,0x00000000d5c80000,0x00000000d5d80000)
 ParOldGen       total 1303552K, used 1303329K [0x0000000080000000, 0x00000000cf900000, 0x00000000d5580000)
  object space 1303552K, 99% used [0x0000000080000000,0x00000000cf8c8740,0x00000000cf900000)
 Metaspace       used 110669K, committed 112576K, reserved 1179648K
  class space    used 10496K, committed 11456K, reserved 1048576K
}
Event: 207777.239 GC heap before
{Heap before GC invocations=82450 (full 160):
 PSYoungGen      total 8192K, used 8064K [0x00000000d5580000, 0x00000000d5e80000, 0x0000000100000000)
  eden space 7168K, 100% used [0x00000000d5580000,0x00000000d5c80000,0x00000000d5c80000)
  from space 1024K, 87% used [0x00000000d5d80000,0x00000000d5e60000,0x00000000d5e80000)
  to   space 1024K, 0% used [0x00000000d5c80000,0x00000000d5c80000,0x00000000d5d80000)
 ParOldGen       total 1303552K, used 1303329K [0x0000000080000000, 0x00000000cf900000, 0x00000000d5580000)
  object space 1303552K, 99% used [0x0000000080000000,0x00000000cf8c8740,0x00000000cf900000)
 Metaspace       used 110669K, committed 112576K, reserved 1179648K
  class space    used 10496K, committed 11456K, reserved 1048576K
}
Event: 207777.243 GC heap after
{Heap after GC invocations=82450 (full 160):
 PSYoungGen      total 8192K, used 1012K [0x00000000d5580000, 0x00000000d6080000, 0x0000000100000000)
  eden space 7168K, 0% used [0x00000000d5580000,0x00000000d5580000,0x00000000d5c80000)
  from space 1024K, 98% used [0x00000000d5c80000,0x00000000d5d7d200,0x00000000d5d80000)
  to   space 2048K, 0% used [0x00000000d5e80000,0x00000000d5e80000,0x00000000d6080000)
 ParOldGen       total 1304064K, used 1304030K [0x0000000080000000, 0x00000000cf980000, 0x00000000d5580000)
  object space 1304064K, 99% used [0x0000000080000000,0x00000000cf977a98,0x00000000cf980000)
 Metaspace       used 110669K, committed 112576K, reserved 1179648K
  class space    used 10496K, committed 11456K, reserved 1048576K
}
Event: 207777.254 GC heap before
{Heap before GC invocations=82451 (full 160):
 PSYoungGen      total 8192K, used 8180K [0x00000000d5580000, 0x00000000d6080000, 0x0000000100000000)
  eden space 7168K, 100% used [0x00000000d5580000,0x00000000d5c80000,0x00000000d5c80000)
  from space 1024K, 98% used [0x00000000d5c80000,0x00000000d5d7d200,0x00000000d5d80000)
  to   space 2048K, 0% used [0x00000000d5e80000,0x00000000d5e80000,0x00000000d6080000)
 ParOldGen       total 1304064K, used 1304030K [0x0000000080000000, 0x00000000cf980000, 0x00000000d5580000)
  object space 1304064K, 99% used [0x0000000080000000,0x00000000cf977a98,0x00000000cf980000)
 Metaspace       used 110669K, committed 112576K, reserved 1179648K
  class space    used 10496K, committed 11456K, reserved 1048576K
}
Event: 207777.256 GC heap after
{Heap after GC invocations=82451 (full 160):
 PSYoungGen      total 8704K, used 1084K [0x00000000d5580000, 0x00000000d6000000, 0x0000000100000000)
  eden space 7168K, 0% used [0x00000000d5580000,0x00000000d5580000,0x00000000d5c80000)
  from space 1536K, 70% used [0x00000000d5e80000,0x00000000d5f8f368,0x00000000d6000000)
  to   space 1536K, 0% used [0x00000000d5d00000,0x00000000d5d00000,0x00000000d5e80000)
 ParOldGen       total 1305088K, used 1304871K [0x0000000080000000, 0x00000000cfa80000, 0x00000000d5580000)
  object space 1305088K, 99% used [0x0000000080000000,0x00000000cfa49c50,0x00000000cfa80000)
 Metaspace       used 110669K, committed 112576K, reserved 1179648K
  class space    used 10496K, committed 11456K, reserved 1048576K
}
Event: 207777.532 GC heap before
{Heap before GC invocations=82452 (full 160):
 PSYoungGen      total 8704K, used 8252K [0x00000000d5580000, 0x00000000d6000000, 0x0000000100000000)
  eden space 7168K, 100% used [0x00000000d5580000,0x00000000d5c80000,0x00000000d5c80000)
  from space 1536K, 70% used [0x00000000d5e80000,0x00000000d5f8f368,0x00000000d6000000)
  to   space 1536K, 0% used [0x00000000d5d00000,0x00000000d5d00000,0x00000000d5e80000)
 ParOldGen       total 1305088K, used 1304871K [0x0000000080000000, 0x00000000cfa80000, 0x00000000d5580000)
  object space 1305088K, 99% used [0x0000000080000000,0x00000000cfa49c50,0x00000000cfa80000)
 Metaspace       used 110669K, committed 112576K, reserved 1179648K
  class space    used 10496K, committed 11456K, reserved 1048576K
}
Event: 207777.536 GC heap after
{Heap after GC invocations=82452 (full 160):
 PSYoungGen      total 8192K, used 1016K [0x00000000d5580000, 0x00000000d5f80000, 0x0000000100000000)
  eden space 7168K, 0% used [0x00000000d5580000,0x00000000d5580000,0x00000000d5c80000)
  from space 1024K, 99% used [0x00000000d5d00000,0x00000000d5dfe158,0x00000000d5e00000)
  to   space 1536K, 0% used [0x00000000d5e00000,0x00000000d5e00000,0x00000000d5f80000)
 ParOldGen       total 1306112K, used 1305825K [0x0000000080000000, 0x00000000cfb80000, 0x00000000d5580000)
  object space 1306112K, 99% used [0x0000000080000000,0x00000000cfb38690,0x00000000cfb80000)
 Metaspace       used 110669K, committed 112576K, reserved 1179648K
  class space    used 10496K, committed 11456K, reserved 1048576K
}
Event: 243729.640 GC heap before
{Heap before GC invocations=82453 (full 160):
 PSYoungGen      total 8192K, used 8184K [0x00000000d5580000, 0x00000000d5f80000, 0x0000000100000000)
  eden space 7168K, 100% used [0x00000000d5580000,0x00000000d5c80000,0x00000000d5c80000)
  from space 1024K, 99% used [0x00000000d5d00000,0x00000000d5dfe158,0x00000000d5e00000)
  to   space 1536K, 0% used [0x00000000d5e00000,0x00000000d5e00000,0x00000000d5f80000)
 ParOldGen       total 1306112K, used 1305825K [0x0000000080000000, 0x00000000cfb80000, 0x00000000d5580000)
  object space 1306112K, 99% used [0x0000000080000000,0x00000000cfb38690,0x00000000cfb80000)
 Metaspace       used 110671K, committed 112576K, reserved 1179648K
  class space    used 10496K, committed 11456K, reserved 1048576K
}
Event: 243730.719 GC heap after
{Heap after GC invocations=82453 (full 160):
 PSYoungGen      total 7680K, used 320K [0x00000000d5580000, 0x00000000d5e80000, 0x0000000100000000)
  eden space 7168K, 0% used [0x00000000d5580000,0x00000000d5580000,0x00000000d5c80000)
  from space 512K, 62% used [0x00000000d5e00000,0x00000000d5e50000,0x00000000d5e80000)
  to   space 1024K, 0% used [0x00000000d5c80000,0x00000000d5c80000,0x00000000d5d80000)
 ParOldGen       total 1307136K, used 1306647K [0x0000000080000000, 0x00000000cfc80000, 0x00000000d5580000)
  object space 1307136K, 99% used [0x0000000080000000,0x00000000cfc05d50,0x00000000cfc80000)
 Metaspace       used 110671K, committed 112576K, reserved 1179648K
  class space    used 10496K, committed 11456K, reserved 1048576K
}
Event: 243730.778 GC heap before
{Heap before GC invocations=82454 (full 160):
 PSYoungGen      total 7680K, used 7488K [0x00000000d5580000, 0x00000000d5e80000, 0x0000000100000000)
  eden space 7168K, 100% used [0x00000000d5580000,0x00000000d5c80000,0x00000000d5c80000)
  from space 512K, 62% used [0x00000000d5e00000,0x00000000d5e50000,0x00000000d5e80000)
  to   space 1024K, 0% used [0x00000000d5c80000,0x00000000d5c80000,0x00000000d5d80000)
 ParOldGen       total 1307136K, used 1306647K [0x0000000080000000, 0x00000000cfc80000, 0x00000000d5580000)
  object space 1307136K, 99% used [0x0000000080000000,0x00000000cfc05d50,0x00000000cfc80000)
 Metaspace       used 110671K, committed 112576K, reserved 1179648K
  class space    used 10496K, committed 11456K, reserved 1048576K
}
Event: 243730.780 GC heap after
{Heap after GC invocations=82454 (full 160):
 PSYoungGen      total 8192K, used 64K [0x00000000d5580000, 0x00000000d5e80000, 0x0000000100000000)
  eden space 7168K, 0% used [0x00000000d5580000,0x00000000d5580000,0x00000000d5c80000)
  from space 1024K, 6% used [0x00000000d5c80000,0x00000000d5c90000,0x00000000d5d80000)
  to   space 512K, 0% used [0x00000000d5e00000,0x00000000d5e00000,0x00000000d5e80000)
 ParOldGen       total 1307136K, used 1306727K [0x0000000080000000, 0x00000000cfc80000, 0x00000000d5580000)
  object space 1307136K, 99% used [0x0000000080000000,0x00000000cfc19d50,0x00000000cfc80000)
 Metaspace       used 110671K, committed 112576K, reserved 1179648K
  class space    used 10496K, committed 11456K, reserved 1048576K
}

