# JRE version: OpenJDK Runtime Environment Temurin-21.0.9+10 (21.0.9+10) (build 21.0.9+10-LTS)
# Java VM: OpenJDK 64-Bit Server VM Temurin-21.0.9+10 (21.0.9+10-LTS, mixed mode, sharing, tiered, compressed oops, compressed class ptrs, parallel gc, windows-amd64)
GC Precious Log:
 CardTable entry size: 512
 CPUs: 16 total, 16 available
 Memory: 16163M
 Large Page Support: Disabled
 NUMA Support: Disabled
 Compressed Oops: Enabled (32-bit)
 Alignments: Space 512K, Generation 512K, Heap 2M
 Heap Min Capacity: 100M
 Heap Initial Capacity: 100M
 Heap Max Capacity: 2G
 Pre-touch: Disabled
 Parallel Workers: 13
Heap:
 PSYoungGen      total 18432K, used 13660K [0x00000000d5580000, 0x00000000d6e00000, 0x0000000100000000)
  eden space 17408K, 72% used [0x00000000d5580000,0x00000000d61d8268,0x00000000d6680000)
  from space 1024K, 99% used [0x00000000d6a00000,0x00000000d6aff020,0x00000000d6b00000)
  to   space 3584K, 0% used [0x00000000d6680000,0x00000000d6680000,0x00000000d6a00000)
 ParOldGen       total 95744K, used 95261K [0x0000000080000000, 0x0000000085d80000, 0x00000000d5580000)
  object space 95744K, 99% used [0x0000000080000000,0x0000000085d07740,0x0000000085d80000)
 Metaspace       used 71253K, committed 72832K, reserved 1114112K
  class space    used 7370K, committed 8064K, reserved 1048576K
GC Heap History (20 events):
Event: 43.132 GC heap before
{Heap before GC invocations=112 (full 3):
 PSYoungGen      total 19456K, used 19444K [0x00000000d5580000, 0x00000000d6e00000, 0x0000000100000000)
  eden space 17920K, 100% used [0x00000000d5580000,0x00000000d6700000,0x00000000d6700000)
  from space 1536K, 99% used [0x00000000d6a00000,0x00000000d6b7d200,0x00000000d6b80000)
  to   space 3072K, 0% used [0x00000000d6700000,0x00000000d6700000,0x00000000d6a00000)
 ParOldGen       total 81408K, used 81164K [0x0000000080000000, 0x0000000084f80000, 0x00000000d5580000)
  object space 81408K, 99% used [0x0000000080000000,0x0000000084f432a0,0x0000000084f80000)
 Metaspace       used 69774K, committed 71296K, reserved 1114112K
  class space    used 7300K, committed 7936K, reserved 1048576K
}
Event: 43.136 GC heap after
{Heap after GC invocations=112 (full 3):
 PSYoungGen      total 19456K, used 1143K [0x00000000d5580000, 0x00000000d6b00000, 0x0000000100000000)
  eden space 17920K, 0% used [0x00000000d5580000,0x00000000d5580000,0x00000000d6700000)
  from space 1536K, 74% used [0x00000000d6700000,0x00000000d681de50,0x00000000d6880000)
  to   space 2048K, 0% used [0x00000000d6900000,0x00000000d6900000,0x00000000d6b00000)
 ParOldGen       total 82944K, used 82608K [0x0000000080000000, 0x0000000085100000, 0x00000000d5580000)
  object space 82944K, 99% used [0x0000000080000000,0x00000000850ac2b8,0x0000000085100000)
 Metaspace       used 69774K, committed 71296K, reserved 1114112K
  class space    used 7300K, committed 7936K, reserved 1048576K
}
Event: 43.237 GC heap before
{Heap before GC invocations=113 (full 3):
 PSYoungGen      total 19456K, used 19063K [0x00000000d5580000, 0x00000000d6b00000, 0x0000000100000000)
  eden space 17920K, 100% used [0x00000000d5580000,0x00000000d6700000,0x00000000d6700000)
  from space 1536K, 74% used [0x00000000d6700000,0x00000000d681de50,0x00000000d6880000)
  to   space 2048K, 0% used [0x00000000d6900000,0x00000000d6900000,0x00000000d6b00000)
 ParOldGen       total 82944K, used 82608K [0x0000000080000000, 0x0000000085100000, 0x00000000d5580000)
  object space 82944K, 99% used [0x0000000080000000,0x00000000850ac2b8,0x0000000085100000)
 Metaspace       used 69871K, committed 71360K, reserved 1114112K
  class space    used 7304K, committed 7936K, reserved 1048576K
}
Event: 43.239 GC heap after
{Heap after GC invocations=113 (full 3):
 PSYoungGen      total 19456K, used 1428K [0x00000000d5580000, 0x00000000d6a80000, 0x0000000100000000)
  eden space 17920K, 0% used [0x00000000d5580000,0x00000000d5580000,0x00000000d6700000)
  from space 1536K, 93% used [0x00000000d6900000,0x00000000d6a65200,0x00000000d6a80000)
  to   space 1536K, 0% used [0x00000000d6700000,0x00000000d6700000,0x00000000d6880000)
 ParOldGen       total 83968K, used 83519K [0x0000000080000000, 0x0000000085200000, 0x00000000d5580000)
  object space 83968K, 99% used [0x0000000080000000,0x000000008518fe88,0x0000000085200000)
 Metaspace       used 69871K, committed 71360K, reserved 1114112K
  class space    used 7304K, committed 7936K, reserved 1048576K
}
Event: 43.366 GC heap before
{Heap before GC invocations=114 (full 3):
 PSYoungGen      total 19456K, used 19348K [0x00000000d5580000, 0x00000000d6a80000, 0x0000000100000000)
  eden space 17920K, 100% used [0x00000000d5580000,0x00000000d6700000,0x00000000d6700000)
  from space 1536K, 93% used [0x00000000d6900000,0x00000000d6a65200,0x00000000d6a80000)
  to   space 1536K, 0% used [0x00000000d6700000,0x00000000d6700000,0x00000000d6880000)
 ParOldGen       total 83968K, used 83519K [0x0000000080000000, 0x0000000085200000, 0x00000000d5580000)
  object space 83968K, 99% used [0x0000000080000000,0x000000008518fe88,0x0000000085200000)
 Metaspace       used 70029K, committed 71488K, reserved 1114112K
  class space    used 7305K, committed 7936K, reserved 1048576K
}
Event: 43.368 GC heap after
{Heap after GC invocations=114 (full 3):
 PSYoungGen      total 19456K, used 1508K [0x00000000d5580000, 0x00000000d6d00000, 0x0000000100000000)
  eden space 17920K, 0% used [0x00000000d5580000,0x00000000d5580000,0x00000000d6700000)
  from space 1536K, 98% used [0x00000000d6700000,0x00000000d6879210,0x00000000d6880000)
  to   space 3072K, 0% used [0x00000000d6a00000,0x00000000d6a00000,0x00000000d6d00000)
 ParOldGen       total 84992K, used 84691K [0x0000000080000000, 0x0000000085300000, 0x00000000d5580000)
  object space 84992K, 99% used [0x0000000080000000,0x00000000852b4c48,0x0000000085300000)
 Metaspace       used 70029K, committed 71488K, reserved 1114112K
  class space    used 7305K, committed 7936K, reserved 1048576K
}
Event: 43.471 GC heap before
{Heap before GC invocations=115 (full 3):
 PSYoungGen      total 19456K, used 19428K [0x00000000d5580000, 0x00000000d6d00000, 0x0000000100000000)
  eden space 17920K, 100% used [0x00000000d5580000,0x00000000d6700000,0x00000000d6700000)
  from space 1536K, 98% used [0x00000000d6700000,0x00000000d6879210,0x00000000d6880000)
  to   space 3072K, 0% used [0x00000000d6a00000,0x00000000d6a00000,0x00000000d6d00000)
 ParOldGen       total 84992K, used 84691K [0x0000000080000000, 0x0000000085300000, 0x00000000d5580000)
  object space 84992K, 99% used [0x0000000080000000,0x00000000852b4c48,0x0000000085300000)
 Metaspace       used 70173K, committed 71616K, reserved 1114112K
  class space    used 7307K, committed 7936K, reserved 1048576K
}
Event: 43.473 GC heap after
{Heap after GC invocations=115 (full 3):
 PSYoungGen      total 19968K, used 1910K [0x00000000d5580000, 0x00000000d6c00000, 0x0000000100000000)
  eden space 17920K, 0% used [0x00000000d5580000,0x00000000d5580000,0x00000000d6700000)
  from space 2048K, 93% used [0x00000000d6a00000,0x00000000d6bdd9d0,0x00000000d6c00000)
  to   space 2560K, 0% used [0x00000000d6700000,0x00000000d6700000,0x00000000d6980000)
 ParOldGen       total 86528K, used 86142K [0x0000000080000000, 0x0000000085480000, 0x00000000d5580000)
  object space 86528K, 99% used [0x0000000080000000,0x000000008541f9f0,0x0000000085480000)
 Metaspace       used 70173K, committed 71616K, reserved 1114112K
  class space    used 7307K, committed 7936K, reserved 1048576K
}
Event: 43.717 GC heap before
{Heap before GC invocations=116 (full 3):
 PSYoungGen      total 19968K, used 19830K [0x00000000d5580000, 0x00000000d6c00000, 0x0000000100000000)
  eden space 17920K, 100% used [0x00000000d5580000,0x00000000d6700000,0x00000000d6700000)
  from space 2048K, 93% used [0x00000000d6a00000,0x00000000d6bdd9d0,0x00000000d6c00000)
  to   space 2560K, 0% used [0x00000000d6700000,0x00000000d6700000,0x00000000d6980000)
 ParOldGen       total 86528K, used 86142K [0x0000000080000000, 0x0000000085480000, 0x00000000d5580000)
  object space 86528K, 99% used [0x0000000080000000,0x000000008541f9f0,0x0000000085480000)
 Metaspace       used 70634K, committed 72128K, reserved 1114112K
  class space    used 7332K, committed 8000K, reserved 1048576K
}
Event: 43.720 GC heap after
{Heap after GC invocations=116 (full 3):
 PSYoungGen      total 20480K, used 2535K [0x00000000d5580000, 0x00000000d7100000, 0x0000000100000000)
  eden space 17920K, 0% used [0x00000000d5580000,0x00000000d5580000,0x00000000d6700000)
  from space 2560K, 99% used [0x00000000d6700000,0x00000000d6979f10,0x00000000d6980000)
  to   space 5120K, 0% used [0x00000000d6c00000,0x00000000d6c00000,0x00000000d7100000)
 ParOldGen       total 88064K, used 87931K [0x0000000080000000, 0x0000000085600000, 0x00000000d5580000)
  object space 88064K, 99% used [0x0000000080000000,0x00000000855dee18,0x0000000085600000)
 Metaspace       used 70634K, committed 72128K, reserved 1114112K
  class space    used 7332K, committed 8000K, reserved 1048576K
}
Event: 43.861 GC heap before
{Heap before GC invocations=117 (full 3):
 PSYoungGen      total 20480K, used 20455K [0x00000000d5580000, 0x00000000d7100000, 0x0000000100000000)
  eden space 17920K, 100% used [0x00000000d5580000,0x00000000d6700000,0x00000000d6700000)
  from space 2560K, 99% used [0x00000000d6700000,0x00000000d6979f10,0x00000000d6980000)
  to   space 5120K, 0% used [0x00000000d6c00000,0x00000000d6c00000,0x00000000d7100000)
 ParOldGen       total 88064K, used 87931K [0x0000000080000000, 0x0000000085600000, 0x00000000d5580000)
  object space 88064K, 99% used [0x0000000080000000,0x00000000855dee18,0x0000000085600000)
 Metaspace       used 70839K, committed 72320K, reserved 1114112K
  class space    used 7335K, committed 8000K, reserved 1048576K
}
Event: 43.864 GC heap after
{Heap after GC invocations=117 (full 3):
 PSYoungGen      total 20480K, used 2068K [0x00000000d5580000, 0x00000000d6e80000, 0x0000000100000000)
  eden space 17920K, 0% used [0x00000000d5580000,0x00000000d5580000,0x00000000d6700000)
  from space 2560K, 80% used [0x00000000d6c00000,0x00000000d6e05220,0x00000000d6e80000)
  to   space 3072K, 0% used [0x00000000d6880000,0x00000000d6880000,0x00000000d6b80000)
 ParOldGen       total 90112K, used 89878K [0x0000000080000000, 0x0000000085800000, 0x00000000d5580000)
  object space 90112K, 99% used [0x0000000080000000,0x00000000857c5858,0x0000000085800000)
 Metaspace       used 70839K, committed 72320K, reserved 1114112K
  class space    used 7335K, committed 8000K, reserved 1048576K
}
Event: 43.966 GC heap before
{Heap before GC invocations=118 (full 3):
 PSYoungGen      total 20480K, used 19988K [0x00000000d5580000, 0x00000000d6e80000, 0x0000000100000000)
  eden space 17920K, 100% used [0x00000000d5580000,0x00000000d6700000,0x00000000d6700000)
  from space 2560K, 80% used [0x00000000d6c00000,0x00000000d6e05220,0x00000000d6e80000)
  to   space 3072K, 0% used [0x00000000d6880000,0x00000000d6880000,0x00000000d6b80000)
 ParOldGen       total 90112K, used 89878K [0x0000000080000000, 0x0000000085800000, 0x00000000d5580000)
  object space 90112K, 99% used [0x0000000080000000,0x00000000857c5858,0x0000000085800000)
 Metaspace       used 70865K, committed 72320K, reserved 1114112K
  class space    used 7335K, committed 8000K, reserved 1048576K
}
Event: 43.969 GC heap after
{Heap after GC invocations=118 (full 3):
 PSYoungGen      total 19456K, used 1174K [0x00000000d5580000, 0x00000000d6c80000, 0x0000000100000000)
  eden space 17920K, 0% used [0x00000000d5580000,0x00000000d5580000,0x00000000d6700000)
  from space 1536K, 76% used [0x00000000d6880000,0x00000000d69a5ab0,0x00000000d6a00000)
  to   space 2048K, 0% used [0x00000000d6a80000,0x00000000d6a80000,0x00000000d6c80000)
 ParOldGen       total 92160K, used 91764K [0x0000000080000000, 0x0000000085a00000, 0x00000000d5580000)
  object space 92160K, 99% used [0x0000000080000000,0x000000008599d2b8,0x0000000085a00000)
 Metaspace       used 70865K, committed 72320K, reserved 1114112K
  class space    used 7335K, committed 8000K, reserved 1048576K
}
Event: 44.082 GC heap before
{Heap before GC invocations=119 (full 3):
 PSYoungGen      total 19456K, used 19094K [0x00000000d5580000, 0x00000000d6c80000, 0x0000000100000000)
  eden space 17920K, 100% used [0x00000000d5580000,0x00000000d6700000,0x00000000d6700000)
  from space 1536K, 76% used [0x00000000d6880000,0x00000000d69a5ab0,0x00000000d6a00000)
  to   space 2048K, 0% used [0x00000000d6a80000,0x00000000d6a80000,0x00000000d6c80000)
 ParOldGen       total 92160K, used 91764K [0x0000000080000000, 0x0000000085a00000, 0x00000000d5580000)
  object space 92160K, 99% used [0x0000000080000000,0x000000008599d2b8,0x0000000085a00000)
 Metaspace       used 70959K, committed 72448K, reserved 1114112K
  class space    used 7337K, committed 8000K, reserved 1048576K
}
Event: 44.083 GC heap after
{Heap after GC invocations=119 (full 3):
 PSYoungGen      total 19456K, used 1204K [0x00000000d5580000, 0x00000000d6c00000, 0x0000000100000000)
  eden space 17920K, 0% used [0x00000000d5580000,0x00000000d5580000,0x00000000d6700000)
  from space 1536K, 78% used [0x00000000d6a80000,0x00000000d6bad200,0x00000000d6c00000)
  to   space 1536K, 0% used [0x00000000d6880000,0x00000000d6880000,0x00000000d6a00000)
 ParOldGen       total 92672K, used 92323K [0x0000000080000000, 0x0000000085a80000, 0x00000000d5580000)
  object space 92672K, 99% used [0x0000000080000000,0x0000000085a28f90,0x0000000085a80000)
 Metaspace       used 70959K, committed 72448K, reserved 1114112K
  class space    used 7337K, committed 8000K, reserved 1048576K
}
Event: 57.383 GC heap before
{Heap before GC invocations=120 (full 3):
 PSYoungGen      total 19456K, used 19124K [0x00000000d5580000, 0x00000000d6c00000, 0x0000000100000000)
  eden space 17920K, 100% used [0x00000000d5580000,0x00000000d6700000,0x00000000d6700000)
  from space 1536K, 78% used [0x00000000d6a80000,0x00000000d6bad200,0x00000000d6c00000)
  to   space 1536K, 0% used [0x00000000d6880000,0x00000000d6880000,0x00000000d6a00000)
 ParOldGen       total 92672K, used 92323K [0x0000000080000000, 0x0000000085a80000, 0x00000000d5580000)
  object space 92672K, 99% used [0x0000000080000000,0x0000000085a28f90,0x0000000085a80000)
 Metaspace       used 71014K, committed 72448K, reserved 1114112K
  class space    used 7337K, committed 8000K, reserved 1048576K
}
Event: 57.386 GC heap after
{Heap after GC invocations=120 (full 3):
 PSYoungGen      total 19456K, used 628K [0x00000000d5580000, 0x00000000d6b00000, 0x0000000100000000)
  eden space 17920K, 0% used [0x00000000d5580000,0x00000000d5580000,0x00000000d6700000)
  from space 1536K, 40% used [0x00000000d6880000,0x00000000d691d200,0x00000000d6a00000)
  to   space 1024K, 0% used [0x00000000d6a00000,0x00000000d6a00000,0x00000000d6b00000)
 ParOldGen       total 93696K, used 93368K [0x0000000080000000, 0x0000000085b80000, 0x00000000d5580000)
  object space 93696K, 99% used [0x0000000080000000,0x0000000085b2e1e0,0x0000000085b80000)
 Metaspace       used 71014K, committed 72448K, reserved 1114112K
  class space    used 7337K, committed 8000K, reserved 1048576K
}
Event: 281.005 GC heap before
{Heap before GC invocations=121 (full 3):
 PSYoungGen      total 19456K, used 18548K [0x00000000d5580000, 0x00000000d6b00000, 0x0000000100000000)
  eden space 17920K, 100% used [0x00000000d5580000,0x00000000d6700000,0x00000000d6700000)
  from space 1536K, 40% used [0x00000000d6880000,0x00000000d691d200,0x00000000d6a00000)
  to   space 1024K, 0% used [0x00000000d6a00000,0x00000000d6a00000,0x00000000d6b00000)
 ParOldGen       total 93696K, used 93368K [0x0000000080000000, 0x0000000085b80000, 0x00000000d5580000)
  object space 93696K, 99% used [0x0000000080000000,0x0000000085b2e1e0,0x0000000085b80000)
 Metaspace       used 71230K, committed 72832K, reserved 1114112K
  class space    used 7370K, committed 8064K, reserved 1048576K
}
Event: 281.080 GC heap after
{Heap after GC invocations=121 (full 3):
 PSYoungGen      total 18432K, used 1020K [0x00000000d5580000, 0x00000000d6e00000, 0x0000000100000000)
  eden space 17408K, 0% used [0x00000000d5580000,0x00000000d5580000,0x00000000d6680000)
  from space 1024K, 99% used [0x00000000d6a00000,0x00000000d6aff020,0x00000000d6b00000)
  to   space 3584K, 0% used [0x00000000d6680000,0x00000000d6680000,0x00000000d6a00000)
 ParOldGen       total 95744K, used 95261K [0x0000000080000000, 0x0000000085d80000, 0x00000000d5580000)
  object space 95744K, 99% used [0x0000000080000000,0x0000000085d07740,0x0000000085d80000)
 Metaspace       used 71230K, committed 72832K, reserved 1114112K
  class space    used 7370K, committed 8064K, reserved 1048576K
}

