# JRE version: OpenJDK Runtime Environment Temurin-21.0.9+10 (21.0.9+10) (build 21.0.9+10-LTS)
# Java VM: OpenJDK 64-Bit Server VM Temurin-21.0.9+10 (21.0.9+10-LTS, mixed mode, sharing, tiered, compressed oops, compressed class ptrs, parallel gc, windows-amd64)
GC Precious Log:
 CardTable entry size: 512
 CPUs: 16 total, 16 available
 Memory: 16163M
 Large Page Support: Disabled
 NUMA Support: Disabled
 Compressed Oops: Enabled (32-bit)
 Alignments: Space 512K, Generation 512K, Heap 2M
 Heap Min Capacity: 100M
 Heap Initial Capacity: 100M
 Heap Max Capacity: 2G
 Pre-touch: Disabled
 Parallel Workers: 13
Heap:
 PSYoungGen      total 8192K, used 3079K [0x00000000d5580000, 0x00000000d5e80000, 0x0000000100000000)
  eden space 7680K, 33% used [0x00000000d5580000,0x00000000d5809c88,0x00000000d5d00000)
  from space 512K, 93% used [0x00000000d5e00000,0x00000000d5e78000,0x00000000d5e80000)
  to   space 512K, 0% used [0x00000000d5d80000,0x00000000d5d80000,0x00000000d5e00000)
 ParOldGen       total 527360K, used 527002K [0x0000000080000000, 0x00000000a0300000, 0x00000000d5580000)
  object space 527360K, 99% used [0x0000000080000000,0x00000000a02a6938,0x00000000a0300000)
 Metaspace       used 69481K, committed 71168K, reserved 1114112K
  class space    used 7249K, committed 8000K, reserved 1048576K
GC Heap History (20 events):
Event: 33.548 GC heap after
{Heap after GC invocations=698 (full 3):
 PSYoungGen      total 4096K, used 532K [0x00000000d5580000, 0x00000000d5b00000, 0x0000000100000000)
  eden space 3072K, 0% used [0x00000000d5580000,0x00000000d5580000,0x00000000d5880000)
  from space 1024K, 52% used [0x00000000d5900000,0x00000000d5985200,0x00000000d5a00000)
  to   space 1024K, 0% used [0x00000000d5a00000,0x00000000d5a00000,0x00000000d5b00000)
 ParOldGen       total 523776K, used 523536K [0x0000000080000000, 0x000000009ff80000, 0x00000000d5580000)
  object space 523776K, 99% used [0x0000000080000000,0x000000009ff442a8,0x000000009ff80000)
 Metaspace       used 69384K, committed 71040K, reserved 1114112K
  class space    used 7241K, committed 8000K, reserved 1048576K
}
Event: 33.553 GC heap before
{Heap before GC invocations=699 (full 3):
 PSYoungGen      total 4096K, used 3243K [0x00000000d5580000, 0x00000000d5b00000, 0x0000000100000000)
  eden space 3072K, 88% used [0x00000000d5580000,0x00000000d5825c60,0x00000000d5880000)
  from space 1024K, 52% used [0x00000000d5900000,0x00000000d5985200,0x00000000d5a00000)
  to   space 1024K, 0% used [0x00000000d5a00000,0x00000000d5a00000,0x00000000d5b00000)
 ParOldGen       total 523776K, used 523536K [0x0000000080000000, 0x000000009ff80000, 0x00000000d5580000)
  object space 523776K, 99% used [0x0000000080000000,0x000000009ff442a8,0x000000009ff80000)
 Metaspace       used 69385K, committed 71040K, reserved 1114112K
  class space    used 7241K, committed 8000K, reserved 1048576K
}
Event: 33.555 GC heap after
{Heap after GC invocations=699 (full 3):
 PSYoungGen      total 4608K, used 320K [0x00000000d5580000, 0x00000000d5a80000, 0x0000000100000000)
  eden space 4096K, 0% used [0x00000000d5580000,0x00000000d5580000,0x00000000d5980000)
  from space 512K, 62% used [0x00000000d5a00000,0x00000000d5a50000,0x00000000d5a80000)
  to   space 512K, 0% used [0x00000000d5980000,0x00000000d5980000,0x00000000d5a00000)
 ParOldGen       total 524288K, used 523906K [0x0000000080000000, 0x00000000a0000000, 0x00000000d5580000)
  object space 524288K, 99% used [0x0000000080000000,0x000000009ffa0b48,0x00000000a0000000)
 Metaspace       used 69385K, committed 71040K, reserved 1114112K
  class space    used 7241K, committed 8000K, reserved 1048576K
}
Event: 33.564 GC heap before
{Heap before GC invocations=700 (full 3):
 PSYoungGen      total 4608K, used 4416K [0x00000000d5580000, 0x00000000d5a80000, 0x0000000100000000)
  eden space 4096K, 100% used [0x00000000d5580000,0x00000000d5980000,0x00000000d5980000)
  from space 512K, 62% used [0x00000000d5a00000,0x00000000d5a50000,0x00000000d5a80000)
  to   space 512K, 0% used [0x00000000d5980000,0x00000000d5980000,0x00000000d5a00000)
 ParOldGen       total 524288K, used 523906K [0x0000000080000000, 0x00000000a0000000, 0x00000000d5580000)
  object space 524288K, 99% used [0x0000000080000000,0x000000009ffa0b48,0x00000000a0000000)
 Metaspace       used 69385K, committed 71040K, reserved 1114112K
  class space    used 7241K, committed 8000K, reserved 1048576K
}
Event: 33.566 GC heap after
{Heap after GC invocations=700 (full 3):
 PSYoungGen      total 4608K, used 384K [0x00000000d5580000, 0x00000000d5a80000, 0x0000000100000000)
  eden space 4096K, 0% used [0x00000000d5580000,0x00000000d5580000,0x00000000d5980000)
  from space 512K, 75% used [0x00000000d5980000,0x00000000d59e0000,0x00000000d5a00000)
  to   space 512K, 0% used [0x00000000d5a00000,0x00000000d5a00000,0x00000000d5a80000)
 ParOldGen       total 524288K, used 524090K [0x0000000080000000, 0x00000000a0000000, 0x00000000d5580000)
  object space 524288K, 99% used [0x0000000080000000,0x000000009ffceb48,0x00000000a0000000)
 Metaspace       used 69385K, committed 71040K, reserved 1114112K
  class space    used 7241K, committed 8000K, reserved 1048576K
}
Event: 33.577 GC heap before
{Heap before GC invocations=701 (full 3):
 PSYoungGen      total 4608K, used 4480K [0x00000000d5580000, 0x00000000d5a80000, 0x0000000100000000)
  eden space 4096K, 100% used [0x00000000d5580000,0x00000000d5980000,0x00000000d5980000)
  from space 512K, 75% used [0x00000000d5980000,0x00000000d59e0000,0x00000000d5a00000)
  to   space 512K, 0% used [0x00000000d5a00000,0x00000000d5a00000,0x00000000d5a80000)
 ParOldGen       total 524288K, used 524090K [0x0000000080000000, 0x00000000a0000000, 0x00000000d5580000)
  object space 524288K, 99% used [0x0000000080000000,0x000000009ffceb48,0x00000000a0000000)
 Metaspace       used 69388K, committed 71040K, reserved 1114112K
  class space    used 7241K, committed 8000K, reserved 1048576K
}
Event: 33.579 GC heap after
{Heap after GC invocations=701 (full 3):
 PSYoungGen      total 4096K, used 512K [0x00000000d5580000, 0x00000000d5b80000, 0x0000000100000000)
  eden space 3584K, 0% used [0x00000000d5580000,0x00000000d5580000,0x00000000d5900000)
  from space 512K, 100% used [0x00000000d5a00000,0x00000000d5a80000,0x00000000d5a80000)
  to   space 1024K, 0% used [0x00000000d5900000,0x00000000d5900000,0x00000000d5a00000)
 ParOldGen       total 524800K, used 524322K [0x0000000080000000, 0x00000000a0080000, 0x00000000d5580000)
  object space 524800K, 99% used [0x0000000080000000,0x00000000a0008b48,0x00000000a0080000)
 Metaspace       used 69388K, committed 71040K, reserved 1114112K
  class space    used 7241K, committed 8000K, reserved 1048576K
}
Event: 33.598 GC heap before
{Heap before GC invocations=702 (full 3):
 PSYoungGen      total 4096K, used 4015K [0x00000000d5580000, 0x00000000d5b80000, 0x0000000100000000)
  eden space 3584K, 97% used [0x00000000d5580000,0x00000000d58ebd58,0x00000000d5900000)
  from space 512K, 100% used [0x00000000d5a00000,0x00000000d5a80000,0x00000000d5a80000)
  to   space 1024K, 0% used [0x00000000d5900000,0x00000000d5900000,0x00000000d5a00000)
 ParOldGen       total 524800K, used 524322K [0x0000000080000000, 0x00000000a0080000, 0x00000000d5580000)
  object space 524800K, 99% used [0x0000000080000000,0x00000000a0008b48,0x00000000a0080000)
 Metaspace       used 69395K, committed 71040K, reserved 1114112K
  class space    used 7241K, committed 8000K, reserved 1048576K
}
Event: 33.601 GC heap after
{Heap after GC invocations=702 (full 3):
 PSYoungGen      total 4608K, used 880K [0x00000000d5580000, 0x00000000d5b00000, 0x0000000100000000)
  eden space 3584K, 0% used [0x00000000d5580000,0x00000000d5580000,0x00000000d5900000)
  from space 1024K, 85% used [0x00000000d5900000,0x00000000d59dc030,0x00000000d5a00000)
  to   space 1024K, 0% used [0x00000000d5a00000,0x00000000d5a00000,0x00000000d5b00000)
 ParOldGen       total 526336K, used 526178K [0x0000000080000000, 0x00000000a0200000, 0x00000000d5580000)
  object space 526336K, 99% used [0x0000000080000000,0x00000000a01d8938,0x00000000a0200000)
 Metaspace       used 69395K, committed 71040K, reserved 1114112K
  class space    used 7241K, committed 8000K, reserved 1048576K
}
Event: 33.620 GC heap before
{Heap before GC invocations=703 (full 3):
 PSYoungGen      total 4608K, used 4382K [0x00000000d5580000, 0x00000000d5b00000, 0x0000000100000000)
  eden space 3584K, 97% used [0x00000000d5580000,0x00000000d58eb8b0,0x00000000d5900000)
  from space 1024K, 85% used [0x00000000d5900000,0x00000000d59dc030,0x00000000d5a00000)
  to   space 1024K, 0% used [0x00000000d5a00000,0x00000000d5a00000,0x00000000d5b00000)
 ParOldGen       total 526336K, used 526178K [0x0000000080000000, 0x00000000a0200000, 0x00000000d5580000)
  object space 526336K, 99% used [0x0000000080000000,0x00000000a01d8938,0x00000000a0200000)
 Metaspace       used 69413K, committed 71104K, reserved 1114112K
  class space    used 7243K, committed 8000K, reserved 1048576K
}
Event: 33.622 GC heap after
{Heap after GC invocations=703 (full 3):
 PSYoungGen      total 4608K, used 392K [0x00000000d5580000, 0x00000000d5b00000, 0x0000000100000000)
  eden space 3584K, 0% used [0x00000000d5580000,0x00000000d5580000,0x00000000d5900000)
  from space 1024K, 38% used [0x00000000d5a00000,0x00000000d5a62010,0x00000000d5b00000)
  to   space 1024K, 0% used [0x00000000d5900000,0x00000000d5900000,0x00000000d5a00000)
 ParOldGen       total 526848K, used 526530K [0x0000000080000000, 0x00000000a0280000, 0x00000000d5580000)
  object space 526848K, 99% used [0x0000000080000000,0x00000000a0230938,0x00000000a0280000)
 Metaspace       used 69413K, committed 71104K, reserved 1114112K
  class space    used 7243K, committed 8000K, reserved 1048576K
}
Event: 33.714 GC heap before
{Heap before GC invocations=704 (full 3):
 PSYoungGen      total 4608K, used 3976K [0x00000000d5580000, 0x00000000d5b00000, 0x0000000100000000)
  eden space 3584K, 100% used [0x00000000d5580000,0x00000000d5900000,0x00000000d5900000)
  from space 1024K, 38% used [0x00000000d5a00000,0x00000000d5a62010,0x00000000d5b00000)
  to   space 1024K, 0% used [0x00000000d5900000,0x00000000d5900000,0x00000000d5a00000)
 ParOldGen       total 526848K, used 526530K [0x0000000080000000, 0x00000000a0280000, 0x00000000d5580000)
  object space 526848K, 99% used [0x0000000080000000,0x00000000a0230938,0x00000000a0280000)
 Metaspace       used 69457K, committed 71168K, reserved 1114112K
  class space    used 7249K, committed 8000K, reserved 1048576K
}
Event: 33.716 GC heap after
{Heap after GC invocations=704 (full 3):
 PSYoungGen      total 4608K, used 506K [0x00000000d5580000, 0x00000000d5b00000, 0x0000000100000000)
  eden space 3584K, 0% used [0x00000000d5580000,0x00000000d5580000,0x00000000d5900000)
  from space 1024K, 49% used [0x00000000d5900000,0x00000000d597e900,0x00000000d5a00000)
  to   space 1024K, 0% used [0x00000000d5a00000,0x00000000d5a00000,0x00000000d5b00000)
 ParOldGen       total 526848K, used 526658K [0x0000000080000000, 0x00000000a0280000, 0x00000000d5580000)
  object space 526848K, 99% used [0x0000000080000000,0x00000000a0250938,0x00000000a0280000)
 Metaspace       used 69457K, committed 71168K, reserved 1114112K
  class space    used 7249K, committed 8000K, reserved 1048576K
}
Event: 33.764 GC heap before
{Heap before GC invocations=705 (full 3):
 PSYoungGen      total 4608K, used 4090K [0x00000000d5580000, 0x00000000d5b00000, 0x0000000100000000)
  eden space 3584K, 100% used [0x00000000d5580000,0x00000000d5900000,0x00000000d5900000)
  from space 1024K, 49% used [0x00000000d5900000,0x00000000d597e900,0x00000000d5a00000)
  to   space 1024K, 0% used [0x00000000d5a00000,0x00000000d5a00000,0x00000000d5b00000)
 ParOldGen       total 526848K, used 526658K [0x0000000080000000, 0x00000000a0280000, 0x00000000d5580000)
  object space 526848K, 99% used [0x0000000080000000,0x00000000a0250938,0x00000000a0280000)
 Metaspace       used 69464K, committed 71168K, reserved 1114112K
  class space    used 7249K, committed 8000K, reserved 1048576K
}
Event: 34.313 GC heap after
{Heap after GC invocations=705 (full 3):
 PSYoungGen      total 5120K, used 416K [0x00000000d5580000, 0x00000000d5b00000, 0x0000000100000000)
  eden space 4096K, 0% used [0x00000000d5580000,0x00000000d5580000,0x00000000d5980000)
  from space 1024K, 40% used [0x00000000d5a00000,0x00000000d5a68000,0x00000000d5b00000)
  to   space 512K, 0% used [0x00000000d5980000,0x00000000d5980000,0x00000000d5a00000)
 ParOldGen       total 526848K, used 526738K [0x0000000080000000, 0x00000000a0280000, 0x00000000d5580000)
  object space 526848K, 99% used [0x0000000080000000,0x00000000a0264938,0x00000000a0280000)
 Metaspace       used 69464K, committed 71168K, reserved 1114112K
  class space    used 7249K, committed 8000K, reserved 1048576K
}
Event: 34.323 GC heap before
{Heap before GC invocations=706 (full 3):
 PSYoungGen      total 5120K, used 4512K [0x00000000d5580000, 0x00000000d5b00000, 0x0000000100000000)
  eden space 4096K, 100% used [0x00000000d5580000,0x00000000d5980000,0x00000000d5980000)
  from space 1024K, 40% used [0x00000000d5a00000,0x00000000d5a68000,0x00000000d5b00000)
  to   space 512K, 0% used [0x00000000d5980000,0x00000000d5980000,0x00000000d5a00000)
 ParOldGen       total 526848K, used 526738K [0x0000000080000000, 0x00000000a0280000, 0x00000000d5580000)
  object space 526848K, 99% used [0x0000000080000000,0x00000000a0264938,0x00000000a0280000)
 Metaspace       used 69464K, committed 71168K, reserved 1114112K
  class space    used 7249K, committed 8000K, reserved 1048576K
}
Event: 34.325 GC heap after
{Heap after GC invocations=706 (full 3):
 PSYoungGen      total 4608K, used 352K [0x00000000d5580000, 0x00000000d5b80000, 0x0000000100000000)
  eden space 4096K, 0% used [0x00000000d5580000,0x00000000d5580000,0x00000000d5980000)
  from space 512K, 68% used [0x00000000d5980000,0x00000000d59d8000,0x00000000d5a00000)
  to   space 512K, 0% used [0x00000000d5b00000,0x00000000d5b00000,0x00000000d5b80000)
 ParOldGen       total 526848K, used 526818K [0x0000000080000000, 0x00000000a0280000, 0x00000000d5580000)
  object space 526848K, 99% used [0x0000000080000000,0x00000000a0278938,0x00000000a0280000)
 Metaspace       used 69464K, committed 71168K, reserved 1114112K
  class space    used 7249K, committed 8000K, reserved 1048576K
}
Event: 34.333 GC heap before
{Heap before GC invocations=707 (full 3):
 PSYoungGen      total 4608K, used 4448K [0x00000000d5580000, 0x00000000d5b80000, 0x0000000100000000)
  eden space 4096K, 100% used [0x00000000d5580000,0x00000000d5980000,0x00000000d5980000)
  from space 512K, 68% used [0x00000000d5980000,0x00000000d59d8000,0x00000000d5a00000)
  to   space 512K, 0% used [0x00000000d5b00000,0x00000000d5b00000,0x00000000d5b80000)
 ParOldGen       total 526848K, used 526818K [0x0000000080000000, 0x00000000a0280000, 0x00000000d5580000)
  object space 526848K, 99% used [0x0000000080000000,0x00000000a0278938,0x00000000a0280000)
 Metaspace       used 69467K, committed 71168K, reserved 1114112K
  class space    used 7249K, committed 8000K, reserved 1048576K
}
Event: 34.335 GC heap after
{Heap after GC invocations=707 (full 3):
 PSYoungGen      total 5632K, used 340K [0x00000000d5580000, 0x00000000d5b80000, 0x0000000100000000)
  eden space 5120K, 0% used [0x00000000d5580000,0x00000000d5580000,0x00000000d5a80000)
  from space 512K, 66% used [0x00000000d5b00000,0x00000000d5b55200,0x00000000d5b80000)
  to   space 512K, 0% used [0x00000000d5a80000,0x00000000d5a80000,0x00000000d5b00000)
 ParOldGen       total 527360K, used 526898K [0x0000000080000000, 0x00000000a0300000, 0x00000000d5580000)
  object space 527360K, 99% used [0x0000000080000000,0x00000000a028c938,0x00000000a0300000)
 Metaspace       used 69467K, committed 71168K, reserved 1114112K
  class space    used 7249K, committed 8000K, reserved 1048576K
}
Event: 34.346 GC heap before
{Heap before GC invocations=708 (full 3):
 PSYoungGen      total 5632K, used 5460K [0x00000000d5580000, 0x00000000d5b80000, 0x0000000100000000)
  eden space 5120K, 100% used [0x00000000d5580000,0x00000000d5a80000,0x00000000d5a80000)
  from space 512K, 66% used [0x00000000d5b00000,0x00000000d5b55200,0x00000000d5b80000)
  to   space 512K, 0% used [0x00000000d5a80000,0x00000000d5a80000,0x00000000d5b00000)
 ParOldGen       total 527360K, used 526898K [0x0000000080000000, 0x00000000a0300000, 0x00000000d5580000)
  object space 527360K, 99% used [0x0000000080000000,0x00000000a028c938,0x00000000a0300000)
 Metaspace       used 69468K, committed 71168K, reserved 1114112K
  class space    used 7249K, committed 8000K, reserved 1048576K
}

