# JRE version: OpenJDK Runtime Environment Temurin-21.0.9+10 (21.0.9+10) (build 21.0.9+10-LTS)
# Java VM: OpenJDK 64-Bit Server VM Temurin-21.0.9+10 (21.0.9+10-LTS, mixed mode, sharing, tiered, compressed oops, compressed class ptrs, parallel gc, windows-amd64)
GC Precious Log:
 CardTable entry size: 512
 CPUs: 16 total, 16 available
 Memory: 16163M
 Large Page Support: Disabled
 NUMA Support: Disabled
 Compressed Oops: Enabled (32-bit)
 Alignments: Space 512K, Generation 512K, Heap 2M
 Heap Min Capacity: 100M
 Heap Initial Capacity: 100M
 Heap Max Capacity: 2G
 Pre-touch: Disabled
 Parallel Workers: 13
Heap:
 PSYoungGen      total 17920K, used 8864K [0x00000000d5580000, 0x00000000d7380000, 0x0000000100000000)
  eden space 11264K, 24% used [0x00000000d5580000,0x00000000d5827250,0x00000000d6080000)
  from space 6656K, 92% used [0x00000000d6d00000,0x00000000d7300dc0,0x00000000d7380000)
  to   space 7680K, 0% used [0x00000000d6480000,0x00000000d6480000,0x00000000d6c00000)
 ParOldGen       total 1097216K, used 1097087K [0x0000000080000000, 0x00000000c2f80000, 0x00000000d5580000)
  object space 1097216K, 99% used [0x0000000080000000,0x00000000c2f5fd08,0x00000000c2f80000)
 Metaspace       used 101111K, committed 102976K, reserved 1179648K
  class space    used 9729K, committed 10560K, reserved 1048576K
GC Heap History (20 events):
Event: 10332.432 GC heap before
{Heap before GC invocations=17134 (full 22):
 PSYoungGen      total 11776K, used 11776K [0x00000000d5580000, 0x00000000d6980000, 0x0000000100000000)
  eden space 11264K, 100% used [0x00000000d5580000,0x00000000d6080000,0x00000000d6080000)
  from space 512K, 100% used [0x00000000d6900000,0x00000000d6980000,0x00000000d6980000)
  to   space 1536K, 0% used [0x00000000d6680000,0x00000000d6680000,0x00000000d6800000)
 ParOldGen       total 1064960K, used 1064855K [0x0000000080000000, 0x00000000c1000000, 0x00000000d5580000)
  object space 1064960K, 99% used [0x0000000080000000,0x00000000c0fe5d20,0x00000000c1000000)
 Metaspace       used 101105K, committed 102976K, reserved 1179648K
  class space    used 9727K, committed 10560K, reserved 1048576K
}
Event: 10332.439 GC heap after
{Heap after GC invocations=17134 (full 22):
 PSYoungGen      total 12800K, used 608K [0x00000000d5580000, 0x00000000d6980000, 0x0000000100000000)
  eden space 11264K, 0% used [0x00000000d5580000,0x00000000d5580000,0x00000000d6080000)
  from space 1536K, 39% used [0x00000000d6680000,0x00000000d6718000,0x00000000d6800000)
  to   space 1024K, 0% used [0x00000000d6880000,0x00000000d6880000,0x00000000d6980000)
 ParOldGen       total 1065472K, used 1065291K [0x0000000080000000, 0x00000000c1080000, 0x00000000d5580000)
  object space 1065472K, 99% used [0x0000000080000000,0x00000000c1052de0,0x00000000c1080000)
 Metaspace       used 101105K, committed 102976K, reserved 1179648K
  class space    used 9727K, committed 10560K, reserved 1048576K
}
Event: 10332.567 GC heap before
{Heap before GC invocations=17135 (full 22):
 PSYoungGen      total 12800K, used 11791K [0x00000000d5580000, 0x00000000d6980000, 0x0000000100000000)
  eden space 11264K, 99% used [0x00000000d5580000,0x00000000d606bdf0,0x00000000d6080000)
  from space 1536K, 39% used [0x00000000d6680000,0x00000000d6718000,0x00000000d6800000)
  to   space 1024K, 0% used [0x00000000d6880000,0x00000000d6880000,0x00000000d6980000)
 ParOldGen       total 1065472K, used 1065291K [0x0000000080000000, 0x00000000c1080000, 0x00000000d5580000)
  object space 1065472K, 99% used [0x0000000080000000,0x00000000c1052de0,0x00000000c1080000)
 Metaspace       used 101105K, committed 102976K, reserved 1179648K
  class space    used 9727K, committed 10560K, reserved 1048576K
}
Event: 10332.573 GC heap after
{Heap after GC invocations=17135 (full 22):
 PSYoungGen      total 11776K, used 512K [0x00000000d5580000, 0x00000000d6900000, 0x0000000100000000)
  eden space 11264K, 0% used [0x00000000d5580000,0x00000000d5580000,0x00000000d6080000)
  from space 512K, 100% used [0x00000000d6880000,0x00000000d6900000,0x00000000d6900000)
  to   space 1024K, 0% used [0x00000000d6700000,0x00000000d6700000,0x00000000d6800000)
 ParOldGen       total 1065984K, used 1065717K [0x0000000080000000, 0x00000000c1100000, 0x00000000d5580000)
  object space 1065984K, 99% used [0x0000000080000000,0x00000000c10bd5d0,0x00000000c1100000)
 Metaspace       used 101105K, committed 102976K, reserved 1179648K
  class space    used 9727K, committed 10560K, reserved 1048576K
}
Event: 10332.780 GC heap before
{Heap before GC invocations=17136 (full 22):
 PSYoungGen      total 11776K, used 11776K [0x00000000d5580000, 0x00000000d6900000, 0x0000000100000000)
  eden space 11264K, 100% used [0x00000000d5580000,0x00000000d6080000,0x00000000d6080000)
  from space 512K, 100% used [0x00000000d6880000,0x00000000d6900000,0x00000000d6900000)
  to   space 1024K, 0% used [0x00000000d6700000,0x00000000d6700000,0x00000000d6800000)
 ParOldGen       total 1065984K, used 1065717K [0x0000000080000000, 0x00000000c1100000, 0x00000000d5580000)
  object space 1065984K, 99% used [0x0000000080000000,0x00000000c10bd5d0,0x00000000c1100000)
 Metaspace       used 101105K, committed 102976K, reserved 1179648K
  class space    used 9727K, committed 10560K, reserved 1048576K
}
Event: 10332.785 GC heap after
{Heap after GC invocations=17136 (full 22):
 PSYoungGen      total 12288K, used 608K [0x00000000d5580000, 0x00000000d6900000, 0x0000000100000000)
  eden space 11264K, 0% used [0x00000000d5580000,0x00000000d5580000,0x00000000d6080000)
  from space 1024K, 59% used [0x00000000d6700000,0x00000000d6798000,0x00000000d6800000)
  to   space 1024K, 0% used [0x00000000d6800000,0x00000000d6800000,0x00000000d6900000)
 ParOldGen       total 1066496K, used 1066051K [0x0000000080000000, 0x00000000c1180000, 0x00000000d5580000)
  object space 1066496K, 99% used [0x0000000080000000,0x00000000c1110e48,0x00000000c1180000)
 Metaspace       used 101105K, committed 102976K, reserved 1179648K
  class space    used 9727K, committed 10560K, reserved 1048576K
}
Event: 10335.971 GC heap before
{Heap before GC invocations=17137 (full 22):
 PSYoungGen      total 12288K, used 11872K [0x00000000d5580000, 0x00000000d6900000, 0x0000000100000000)
  eden space 11264K, 100% used [0x00000000d5580000,0x00000000d6080000,0x00000000d6080000)
  from space 1024K, 59% used [0x00000000d6700000,0x00000000d6798000,0x00000000d6800000)
  to   space 1024K, 0% used [0x00000000d6800000,0x00000000d6800000,0x00000000d6900000)
 ParOldGen       total 1066496K, used 1066051K [0x0000000080000000, 0x00000000c1180000, 0x00000000d5580000)
  object space 1066496K, 99% used [0x0000000080000000,0x00000000c1110e48,0x00000000c1180000)
 Metaspace       used 101108K, committed 102976K, reserved 1179648K
  class space    used 9728K, committed 10560K, reserved 1048576K
}
Event: 10335.980 GC heap after
{Heap after GC invocations=17137 (full 22):
 PSYoungGen      total 12288K, used 890K [0x00000000d5580000, 0x00000000d6900000, 0x0000000100000000)
  eden space 11264K, 0% used [0x00000000d5580000,0x00000000d5580000,0x00000000d6080000)
  from space 1024K, 86% used [0x00000000d6800000,0x00000000d68de900,0x00000000d6900000)
  to   space 1024K, 0% used [0x00000000d6700000,0x00000000d6700000,0x00000000d6800000)
 ParOldGen       total 1067008K, used 1066496K [0x0000000080000000, 0x00000000c1200000, 0x00000000d5580000)
  object space 1067008K, 99% used [0x0000000080000000,0x00000000c1180238,0x00000000c1200000)
 Metaspace       used 101108K, committed 102976K, reserved 1179648K
  class space    used 9728K, committed 10560K, reserved 1048576K
}
Event: 10336.689 GC heap before
{Heap before GC invocations=17138 (full 22):
 PSYoungGen      total 12288K, used 12149K [0x00000000d5580000, 0x00000000d6900000, 0x0000000100000000)
  eden space 11264K, 99% used [0x00000000d5580000,0x00000000d607ed28,0x00000000d6080000)
  from space 1024K, 86% used [0x00000000d6800000,0x00000000d68de900,0x00000000d6900000)
  to   space 1024K, 0% used [0x00000000d6700000,0x00000000d6700000,0x00000000d6800000)
 ParOldGen       total 1067008K, used 1066496K [0x0000000080000000, 0x00000000c1200000, 0x00000000d5580000)
  object space 1067008K, 99% used [0x0000000080000000,0x00000000c1180238,0x00000000c1200000)
 Metaspace       used 101108K, committed 102976K, reserved 1179648K
  class space    used 9728K, committed 10560K, reserved 1048576K
}
Event: 10336.694 GC heap after
{Heap after GC invocations=17138 (full 22):
 PSYoungGen      total 11776K, used 442K [0x00000000d5580000, 0x00000000d6880000, 0x0000000100000000)
  eden space 11264K, 0% used [0x00000000d5580000,0x00000000d5580000,0x00000000d6080000)
  from space 512K, 86% used [0x00000000d6700000,0x00000000d676e910,0x00000000d6780000)
  to   space 1024K, 0% used [0x00000000d6780000,0x00000000d6780000,0x00000000d6880000)
 ParOldGen       total 1067520K, used 1067140K [0x0000000080000000, 0x00000000c1280000, 0x00000000d5580000)
  object space 1067520K, 99% used [0x0000000080000000,0x00000000c1221190,0x00000000c1280000)
 Metaspace       used 101108K, committed 102976K, reserved 1179648K
  class space    used 9728K, committed 10560K, reserved 1048576K
}
Event: 10336.899 GC heap before
{Heap before GC invocations=17139 (full 22):
 PSYoungGen      total 11776K, used 11569K [0x00000000d5580000, 0x00000000d6880000, 0x0000000100000000)
  eden space 11264K, 98% used [0x00000000d5580000,0x00000000d605dc88,0x00000000d6080000)
  from space 512K, 86% used [0x00000000d6700000,0x00000000d676e910,0x00000000d6780000)
  to   space 1024K, 0% used [0x00000000d6780000,0x00000000d6780000,0x00000000d6880000)
 ParOldGen       total 1067520K, used 1067140K [0x0000000080000000, 0x00000000c1280000, 0x00000000d5580000)
  object space 1067520K, 99% used [0x0000000080000000,0x00000000c1221190,0x00000000c1280000)
 Metaspace       used 101108K, committed 102976K, reserved 1179648K
  class space    used 9728K, committed 10560K, reserved 1048576K
}
Event: 10336.903 GC heap after
{Heap after GC invocations=17139 (full 22):
 PSYoungGen      total 12288K, used 1013K [0x00000000d5580000, 0x00000000d6880000, 0x0000000100000000)
  eden space 11264K, 0% used [0x00000000d5580000,0x00000000d5580000,0x00000000d6080000)
  from space 1024K, 99% used [0x00000000d6780000,0x00000000d687d738,0x00000000d6880000)
  to   space 1536K, 0% used [0x00000000d6580000,0x00000000d6580000,0x00000000d6700000)
 ParOldGen       total 1067520K, used 1067316K [0x0000000080000000, 0x00000000c1280000, 0x00000000d5580000)
  object space 1067520K, 99% used [0x0000000080000000,0x00000000c124d1a0,0x00000000c1280000)
 Metaspace       used 101108K, committed 102976K, reserved 1179648K
  class space    used 9728K, committed 10560K, reserved 1048576K
}
Event: 10336.940 GC heap before
{Heap before GC invocations=17140 (full 22):
 PSYoungGen      total 12288K, used 12277K [0x00000000d5580000, 0x00000000d6880000, 0x0000000100000000)
  eden space 11264K, 100% used [0x00000000d5580000,0x00000000d6080000,0x00000000d6080000)
  from space 1024K, 99% used [0x00000000d6780000,0x00000000d687d738,0x00000000d6880000)
  to   space 1536K, 0% used [0x00000000d6580000,0x00000000d6580000,0x00000000d6700000)
 ParOldGen       total 1067520K, used 1067316K [0x0000000080000000, 0x00000000c1280000, 0x00000000d5580000)
  object space 1067520K, 99% used [0x0000000080000000,0x00000000c124d1a0,0x00000000c1280000)
 Metaspace       used 101108K, committed 102976K, reserved 1179648K
  class space    used 9728K, committed 10560K, reserved 1048576K
}
Event: 10336.946 GC heap after
{Heap after GC invocations=17140 (full 22):
 PSYoungGen      total 12800K, used 1525K [0x00000000d5580000, 0x00000000d7c80000, 0x0000000100000000)
  eden space 11264K, 0% used [0x00000000d5580000,0x00000000d5580000,0x00000000d6080000)
  from space 1536K, 99% used [0x00000000d6580000,0x00000000d66fd728,0x00000000d6700000)
  to   space 14336K, 0% used [0x00000000d6e80000,0x00000000d6e80000,0x00000000d7c80000)
 ParOldGen       total 1078272K, used 1077882K [0x0000000080000000, 0x00000000c1d00000, 0x00000000d5580000)
  object space 1078272K, 99% used [0x0000000080000000,0x00000000c1c9e8e8,0x00000000c1d00000)
 Metaspace       used 101108K, committed 102976K, reserved 1179648K
  class space    used 9728K, committed 10560K, reserved 1048576K
}
Event: 10337.061 GC heap before
{Heap before GC invocations=17141 (full 22):
 PSYoungGen      total 12800K, used 12789K [0x00000000d5580000, 0x00000000d7c80000, 0x0000000100000000)
  eden space 11264K, 100% used [0x00000000d5580000,0x00000000d6080000,0x00000000d6080000)
  from space 1536K, 99% used [0x00000000d6580000,0x00000000d66fd728,0x00000000d6700000)
  to   space 14336K, 0% used [0x00000000d6e80000,0x00000000d6e80000,0x00000000d7c80000)
 ParOldGen       total 1078272K, used 1077882K [0x0000000080000000, 0x00000000c1d00000, 0x00000000d5580000)
  object space 1078272K, 99% used [0x0000000080000000,0x00000000c1c9e8e8,0x00000000c1d00000)
 Metaspace       used 101110K, committed 102976K, reserved 1179648K
  class space    used 9729K, committed 10560K, reserved 1048576K
}
Event: 10337.070 GC heap after
{Heap after GC invocations=17141 (full 22):
 PSYoungGen      total 20480K, used 8716K [0x00000000d5580000, 0x00000000d7780000, 0x0000000100000000)
  eden space 11264K, 0% used [0x00000000d5580000,0x00000000d5580000,0x00000000d6080000)
  from space 9216K, 94% used [0x00000000d6e80000,0x00000000d7703350,0x00000000d7780000)
  to   space 10240K, 0% used [0x00000000d6380000,0x00000000d6380000,0x00000000d6d80000)
 ParOldGen       total 1079808K, used 1079464K [0x0000000080000000, 0x00000000c1e80000, 0x00000000d5580000)
  object space 1079808K, 99% used [0x0000000080000000,0x00000000c1e2a010,0x00000000c1e80000)
 Metaspace       used 101110K, committed 102976K, reserved 1179648K
  class space    used 9729K, committed 10560K, reserved 1048576K
}
Event: 10337.095 GC heap before
{Heap before GC invocations=17142 (full 22):
 PSYoungGen      total 20480K, used 19980K [0x00000000d5580000, 0x00000000d7780000, 0x0000000100000000)
  eden space 11264K, 100% used [0x00000000d5580000,0x00000000d6080000,0x00000000d6080000)
  from space 9216K, 94% used [0x00000000d6e80000,0x00000000d7703350,0x00000000d7780000)
  to   space 10240K, 0% used [0x00000000d6380000,0x00000000d6380000,0x00000000d6d80000)
 ParOldGen       total 1079808K, used 1079464K [0x0000000080000000, 0x00000000c1e80000, 0x00000000d5580000)
  object space 1079808K, 99% used [0x0000000080000000,0x00000000c1e2a010,0x00000000c1e80000)
 Metaspace       used 101110K, committed 102976K, reserved 1179648K
  class space    used 9729K, committed 10560K, reserved 1048576K
}
Event: 10337.104 GC heap after
{Heap after GC invocations=17142 (full 22):
 PSYoungGen      total 20992K, used 9440K [0x00000000d5580000, 0x00000000d7380000, 0x0000000100000000)
  eden space 11264K, 0% used [0x00000000d5580000,0x00000000d5580000,0x00000000d6080000)
  from space 9728K, 97% used [0x00000000d6380000,0x00000000d6cb8000,0x00000000d6d00000)
  to   space 6656K, 0% used [0x00000000d6d00000,0x00000000d6d00000,0x00000000d7380000)
 ParOldGen       total 1088512K, used 1088423K [0x0000000080000000, 0x00000000c2700000, 0x00000000d5580000)
  object space 1088512K, 99% used [0x0000000080000000,0x00000000c26e9d08,0x00000000c2700000)
 Metaspace       used 101110K, committed 102976K, reserved 1179648K
  class space    used 9729K, committed 10560K, reserved 1048576K
}
Event: 10337.239 GC heap before
{Heap before GC invocations=17143 (full 22):
 PSYoungGen      total 20992K, used 20704K [0x00000000d5580000, 0x00000000d7380000, 0x0000000100000000)
  eden space 11264K, 100% used [0x00000000d5580000,0x00000000d6080000,0x00000000d6080000)
  from space 9728K, 97% used [0x00000000d6380000,0x00000000d6cb8000,0x00000000d6d00000)
  to   space 6656K, 0% used [0x00000000d6d00000,0x00000000d6d00000,0x00000000d7380000)
 ParOldGen       total 1088512K, used 1088423K [0x0000000080000000, 0x00000000c2700000, 0x00000000d5580000)
  object space 1088512K, 99% used [0x0000000080000000,0x00000000c26e9d08,0x00000000c2700000)
 Metaspace       used 101110K, committed 102976K, reserved 1179648K
  class space    used 9729K, committed 10560K, reserved 1048576K
}
Event: 10337.246 GC heap after
{Heap after GC invocations=17143 (full 22):
 PSYoungGen      total 17920K, used 6147K [0x00000000d5580000, 0x00000000d7380000, 0x0000000100000000)
  eden space 11264K, 0% used [0x00000000d5580000,0x00000000d5580000,0x00000000d6080000)
  from space 6656K, 92% used [0x00000000d6d00000,0x00000000d7300dc0,0x00000000d7380000)
  to   space 7680K, 0% used [0x00000000d6480000,0x00000000d6480000,0x00000000d6c00000)
 ParOldGen       total 1097216K, used 1097087K [0x0000000080000000, 0x00000000c2f80000, 0x00000000d5580000)
  object space 1097216K, 99% used [0x0000000080000000,0x00000000c2f5fd08,0x00000000c2f80000)
 Metaspace       used 101110K, committed 102976K, reserved 1179648K
  class space    used 9729K, committed 10560K, reserved 1048576K
}

